0 info it worked if it ends with ok
1 verbose cli [ 'C:\\Program Files\\nodejs\\node.exe',
1 verbose cli   'C:\\Program Files\\nodejs\\node_modules\\npm\\bin\\npm-cli.js',
1 verbose cli   'install',
1 verbose cli   '--save',
1 verbose cli   'syncprompt' ]
2 info using npm@3.10.10
3 info using node@v6.10.3
4 silly loadCurrentTree Starting
5 silly install loadCurrentTree
6 silly install readLocalPackageData
7 silly fetchPackageMetaData syncprompt@^1.0.3
8 silly fetchNamedPackageData syncprompt
9 silly mapToRegistry name syncprompt
10 silly mapToRegistry using default registry
11 silly mapToRegistry registry https://registry.npmjs.org/
12 silly mapToRegistry data Result {
12 silly mapToRegistry   raw: 'syncprompt',
12 silly mapToRegistry   scope: null,
12 silly mapToRegistry   escapedName: 'syncprompt',
12 silly mapToRegistry   name: 'syncprompt',
12 silly mapToRegistry   rawSpec: '',
12 silly mapToRegistry   spec: 'latest',
12 silly mapToRegistry   type: 'tag' }
13 silly mapToRegistry uri https://registry.npmjs.org/syncprompt
14 verbose request uri https://registry.npmjs.org/syncprompt
15 verbose request no auth needed
16 info attempt registry request try #1 at 8:56:37 AM
17 verbose request id 70fe9fd8a85c215a
18 http request GET https://registry.npmjs.org/syncprompt
19 http 200 https://registry.npmjs.org/syncprompt
20 verbose headers { server: 'nginx/1.10.1',
20 verbose headers   'content-type': 'application/json',
20 verbose headers   'last-modified': 'Tue, 21 Mar 2017 14:10:39 GMT',
20 verbose headers   etag: 'W/"58d1345f-24ac"',
20 verbose headers   'content-encoding': 'gzip',
20 verbose headers   'cache-control': 'max-age=300',
20 verbose headers   'content-length': '2197',
20 verbose headers   'accept-ranges': 'bytes',
20 verbose headers   date: 'Tue, 06 Jun 2017 12:56:38 GMT',
20 verbose headers   via: '1.1 varnish',
20 verbose headers   age: '0',
20 verbose headers   connection: 'keep-alive',
20 verbose headers   'x-served-by': 'cache-atl6250-ATL',
20 verbose headers   'x-cache': 'MISS',
20 verbose headers   'x-cache-hits': '0',
20 verbose headers   'x-timer': 'S1496753798.830369,VS0,VE206',
20 verbose headers   vary: 'Accept-Encoding' }
21 silly get cb [ 200,
21 silly get   { server: 'nginx/1.10.1',
21 silly get     'content-type': 'application/json',
21 silly get     'last-modified': 'Tue, 21 Mar 2017 14:10:39 GMT',
21 silly get     etag: 'W/"58d1345f-24ac"',
21 silly get     'content-encoding': 'gzip',
21 silly get     'cache-control': 'max-age=300',
21 silly get     'content-length': '2197',
21 silly get     'accept-ranges': 'bytes',
21 silly get     date: 'Tue, 06 Jun 2017 12:56:38 GMT',
21 silly get     via: '1.1 varnish',
21 silly get     age: '0',
21 silly get     connection: 'keep-alive',
21 silly get     'x-served-by': 'cache-atl6250-ATL',
21 silly get     'x-cache': 'MISS',
21 silly get     'x-cache-hits': '0',
21 silly get     'x-timer': 'S1496753798.830369,VS0,VE206',
21 silly get     vary: 'Accept-Encoding' } ]
22 verbose get saving syncprompt to C:\Users\BDB08\AppData\Roaming\npm-cache\registry.npmjs.org\syncprompt\.cache.json
23 verbose correctMkdir C:\Users\BDB08\AppData\Roaming\npm-cache correctMkdir not in flight; initializing
24 silly install normalizeTree
25 silly loadCurrentTree Finishing
26 silly loadIdealTree Starting
27 silly install loadIdealTree
28 silly cloneCurrentTree Starting
29 silly install cloneCurrentTreeToIdealTree
30 silly cloneCurrentTree Finishing
31 silly loadShrinkwrap Starting
32 silly install loadShrinkwrap
33 silly loadShrinkwrap Finishing
34 silly loadAllDepsIntoIdealTree Starting
35 silly install loadAllDepsIntoIdealTree
36 silly resolveWithNewModule syncprompt@1.0.3 checking installable status
37 silly cache add args [ 'syncprompt@^1.0.3', null ]
38 verbose cache add spec syncprompt@^1.0.3
39 silly cache add parsed spec Result {
39 silly cache add   raw: 'syncprompt@^1.0.3',
39 silly cache add   scope: null,
39 silly cache add   escapedName: 'syncprompt',
39 silly cache add   name: 'syncprompt',
39 silly cache add   rawSpec: '^1.0.3',
39 silly cache add   spec: '>=1.0.3 <2.0.0',
39 silly cache add   type: 'range' }
40 silly addNamed syncprompt@>=1.0.3 <2.0.0
41 verbose addNamed ">=1.0.3 <2.0.0" is a valid semver range for syncprompt
42 silly addNameRange { name: 'syncprompt', range: '>=1.0.3 <2.0.0', hasData: false }
43 silly mapToRegistry name syncprompt
44 silly mapToRegistry using default registry
45 silly mapToRegistry registry https://registry.npmjs.org/
46 silly mapToRegistry data Result {
46 silly mapToRegistry   raw: 'syncprompt',
46 silly mapToRegistry   scope: null,
46 silly mapToRegistry   escapedName: 'syncprompt',
46 silly mapToRegistry   name: 'syncprompt',
46 silly mapToRegistry   rawSpec: '',
46 silly mapToRegistry   spec: 'latest',
46 silly mapToRegistry   type: 'tag' }
47 silly mapToRegistry uri https://registry.npmjs.org/syncprompt
48 verbose addNameRange registry:https://registry.npmjs.org/syncprompt not in flight; fetching
49 verbose get https://registry.npmjs.org/syncprompt not expired, no request
50 silly addNameRange number 2 { name: 'syncprompt', range: '>=1.0.3 <2.0.0', hasData: true }
51 silly addNameRange versions [ 'syncprompt',
51 silly addNameRange   [ '0.0.1', '1.0.0', '1.0.1', '1.0.2', '1.0.3' ] ]
52 silly addNamed syncprompt@1.0.3
53 verbose addNamed "1.0.3" is a plain semver version for syncprompt
54 silly mapToRegistry name syncprompt
55 silly mapToRegistry using default registry
56 silly mapToRegistry registry https://registry.npmjs.org/
57 silly mapToRegistry data Result {
57 silly mapToRegistry   raw: 'syncprompt',
57 silly mapToRegistry   scope: null,
57 silly mapToRegistry   escapedName: 'syncprompt',
57 silly mapToRegistry   name: 'syncprompt',
57 silly mapToRegistry   rawSpec: '',
57 silly mapToRegistry   spec: 'latest',
57 silly mapToRegistry   type: 'tag' }
58 silly mapToRegistry uri https://registry.npmjs.org/syncprompt
59 verbose addRemoteTarball https://registry.npmjs.org/syncprompt/-/syncprompt-1.0.3.tgz not in flight; adding
60 verbose addRemoteTarball [ 'https://registry.npmjs.org/syncprompt/-/syncprompt-1.0.3.tgz',
60 verbose addRemoteTarball   '852e5ead3c93466e1794a61a717c33577becc419' ]
61 info retry fetch attempt 1 at 8:56:38 AM
62 info attempt registry request try #1 at 8:56:38 AM
63 http fetch GET https://registry.npmjs.org/syncprompt/-/syncprompt-1.0.3.tgz
64 http fetch 200 https://registry.npmjs.org/syncprompt/-/syncprompt-1.0.3.tgz
65 silly fetchAndShaCheck shasum 852e5ead3c93466e1794a61a717c33577becc419
66 verbose addTmpTarball C:\Users\BDB08\AppData\Local\Temp\npm-12888-29a35310\registry.npmjs.org\syncprompt\-\syncprompt-1.0.3.tgz not in flight; adding
67 verbose addTmpTarball already have metadata; skipping unpack for syncprompt@1.0.3
68 verbose correctMkdir C:\Users\BDB08\AppData\Roaming\npm-cache correctMkdir not in flight; initializing
69 silly cache afterAdd syncprompt@1.0.3
70 verbose afterAdd C:\Users\BDB08\AppData\Roaming\npm-cache\syncprompt\1.0.3\package\package.json not in flight; writing
71 verbose correctMkdir C:\Users\BDB08\AppData\Roaming\npm-cache correctMkdir not in flight; initializing
72 verbose afterAdd C:\Users\BDB08\AppData\Roaming\npm-cache\syncprompt\1.0.3\package\package.json written
73 silly fetchNamedPackageData bindings
74 silly mapToRegistry name bindings
75 silly mapToRegistry using default registry
76 silly mapToRegistry registry https://registry.npmjs.org/
77 silly mapToRegistry data Result {
77 silly mapToRegistry   raw: 'bindings',
77 silly mapToRegistry   scope: null,
77 silly mapToRegistry   escapedName: 'bindings',
77 silly mapToRegistry   name: 'bindings',
77 silly mapToRegistry   rawSpec: '',
77 silly mapToRegistry   spec: 'latest',
77 silly mapToRegistry   type: 'tag' }
78 silly mapToRegistry uri https://registry.npmjs.org/bindings
79 silly fetchNamedPackageData nan
80 silly mapToRegistry name nan
81 silly mapToRegistry using default registry
82 silly mapToRegistry registry https://registry.npmjs.org/
83 silly mapToRegistry data Result {
83 silly mapToRegistry   raw: 'nan',
83 silly mapToRegistry   scope: null,
83 silly mapToRegistry   escapedName: 'nan',
83 silly mapToRegistry   name: 'nan',
83 silly mapToRegistry   rawSpec: '',
83 silly mapToRegistry   spec: 'latest',
83 silly mapToRegistry   type: 'tag' }
84 silly mapToRegistry uri https://registry.npmjs.org/nan
85 verbose request uri https://registry.npmjs.org/bindings
86 verbose request no auth needed
87 info attempt registry request try #1 at 8:56:38 AM
88 http request GET https://registry.npmjs.org/bindings
89 verbose request uri https://registry.npmjs.org/nan
90 verbose request no auth needed
91 info attempt registry request try #1 at 8:56:38 AM
92 http request GET https://registry.npmjs.org/nan
93 http 200 https://registry.npmjs.org/bindings
94 verbose headers { server: 'nginx/1.10.1',
94 verbose headers   'content-type': 'application/json',
94 verbose headers   'last-modified': 'Mon, 22 May 2017 20:52:41 GMT',
94 verbose headers   etag: 'W/"59234f99-46bf"',
94 verbose headers   'content-encoding': 'gzip',
94 verbose headers   'cache-control': 'max-age=300',
94 verbose headers   'content-length': '3502',
94 verbose headers   'accept-ranges': 'bytes',
94 verbose headers   date: 'Tue, 06 Jun 2017 12:56:38 GMT',
94 verbose headers   via: '1.1 varnish',
94 verbose headers   age: '248',
94 verbose headers   connection: 'keep-alive',
94 verbose headers   'x-served-by': 'cache-atl6250-ATL',
94 verbose headers   'x-cache': 'HIT',
94 verbose headers   'x-cache-hits': '2',
94 verbose headers   'x-timer': 'S1496753798.221113,VS0,VE0',
94 verbose headers   vary: 'Accept-Encoding' }
95 silly get cb [ 200,
95 silly get   { server: 'nginx/1.10.1',
95 silly get     'content-type': 'application/json',
95 silly get     'last-modified': 'Mon, 22 May 2017 20:52:41 GMT',
95 silly get     etag: 'W/"59234f99-46bf"',
95 silly get     'content-encoding': 'gzip',
95 silly get     'cache-control': 'max-age=300',
95 silly get     'content-length': '3502',
95 silly get     'accept-ranges': 'bytes',
95 silly get     date: 'Tue, 06 Jun 2017 12:56:38 GMT',
95 silly get     via: '1.1 varnish',
95 silly get     age: '248',
95 silly get     connection: 'keep-alive',
95 silly get     'x-served-by': 'cache-atl6250-ATL',
95 silly get     'x-cache': 'HIT',
95 silly get     'x-cache-hits': '2',
95 silly get     'x-timer': 'S1496753798.221113,VS0,VE0',
95 silly get     vary: 'Accept-Encoding' } ]
96 verbose get saving bindings to C:\Users\BDB08\AppData\Roaming\npm-cache\registry.npmjs.org\bindings\.cache.json
97 verbose correctMkdir C:\Users\BDB08\AppData\Roaming\npm-cache correctMkdir not in flight; initializing
98 http 200 https://registry.npmjs.org/nan
99 verbose headers { server: 'nginx/1.10.1',
99 verbose headers   'content-type': 'application/json',
99 verbose headers   'last-modified': 'Tue, 30 May 2017 23:09:03 GMT',
99 verbose headers   etag: 'W/"592dfb8f-1f9f8"',
99 verbose headers   'content-encoding': 'gzip',
99 verbose headers   'cache-control': 'max-age=300',
99 verbose headers   'content-length': '15239',
99 verbose headers   'accept-ranges': 'bytes',
99 verbose headers   date: 'Tue, 06 Jun 2017 12:56:38 GMT',
99 verbose headers   via: '1.1 varnish',
99 verbose headers   age: '94',
99 verbose headers   connection: 'keep-alive',
99 verbose headers   'x-served-by': 'cache-atl6227-ATL',
99 verbose headers   'x-cache': 'HIT',
99 verbose headers   'x-cache-hits': '2',
99 verbose headers   'x-timer': 'S1496753798.233189,VS0,VE0',
99 verbose headers   vary: 'Accept-Encoding' }
100 silly get cb [ 200,
100 silly get   { server: 'nginx/1.10.1',
100 silly get     'content-type': 'application/json',
100 silly get     'last-modified': 'Tue, 30 May 2017 23:09:03 GMT',
100 silly get     etag: 'W/"592dfb8f-1f9f8"',
100 silly get     'content-encoding': 'gzip',
100 silly get     'cache-control': 'max-age=300',
100 silly get     'content-length': '15239',
100 silly get     'accept-ranges': 'bytes',
100 silly get     date: 'Tue, 06 Jun 2017 12:56:38 GMT',
100 silly get     via: '1.1 varnish',
100 silly get     age: '94',
100 silly get     connection: 'keep-alive',
100 silly get     'x-served-by': 'cache-atl6227-ATL',
100 silly get     'x-cache': 'HIT',
100 silly get     'x-cache-hits': '2',
100 silly get     'x-timer': 'S1496753798.233189,VS0,VE0',
100 silly get     vary: 'Accept-Encoding' } ]
101 verbose get saving nan to C:\Users\BDB08\AppData\Roaming\npm-cache\registry.npmjs.org\nan\.cache.json
102 verbose correctMkdir C:\Users\BDB08\AppData\Roaming\npm-cache correctMkdir not in flight; initializing
103 silly resolveWithNewModule bindings@1.2.1 checking installable status
104 silly cache add args [ 'bindings@^1.2.1', null ]
105 verbose cache add spec bindings@^1.2.1
106 silly cache add parsed spec Result {
106 silly cache add   raw: 'bindings@^1.2.1',
106 silly cache add   scope: null,
106 silly cache add   escapedName: 'bindings',
106 silly cache add   name: 'bindings',
106 silly cache add   rawSpec: '^1.2.1',
106 silly cache add   spec: '>=1.2.1 <2.0.0',
106 silly cache add   type: 'range' }
107 silly addNamed bindings@>=1.2.1 <2.0.0
108 verbose addNamed ">=1.2.1 <2.0.0" is a valid semver range for bindings
109 silly addNameRange { name: 'bindings', range: '>=1.2.1 <2.0.0', hasData: false }
110 silly mapToRegistry name bindings
111 silly mapToRegistry using default registry
112 silly mapToRegistry registry https://registry.npmjs.org/
113 silly mapToRegistry data Result {
113 silly mapToRegistry   raw: 'bindings',
113 silly mapToRegistry   scope: null,
113 silly mapToRegistry   escapedName: 'bindings',
113 silly mapToRegistry   name: 'bindings',
113 silly mapToRegistry   rawSpec: '',
113 silly mapToRegistry   spec: 'latest',
113 silly mapToRegistry   type: 'tag' }
114 silly mapToRegistry uri https://registry.npmjs.org/bindings
115 verbose addNameRange registry:https://registry.npmjs.org/bindings not in flight; fetching
116 verbose get https://registry.npmjs.org/bindings not expired, no request
117 silly addNameRange number 2 { name: 'bindings', range: '>=1.2.1 <2.0.0', hasData: true }
118 silly addNameRange versions [ 'bindings',
118 silly addNameRange   [ '0.0.1',
118 silly addNameRange     '0.1.0',
118 silly addNameRange     '0.1.1',
118 silly addNameRange     '0.2.0',
118 silly addNameRange     '0.2.1',
118 silly addNameRange     '0.2.2',
118 silly addNameRange     '0.2.3',
118 silly addNameRange     '0.2.4',
118 silly addNameRange     '0.3.0',
118 silly addNameRange     '0.4.0',
118 silly addNameRange     '1.0.0',
118 silly addNameRange     '1.1.0',
118 silly addNameRange     '1.1.1',
118 silly addNameRange     '1.2.0',
118 silly addNameRange     '1.2.1' ] ]
119 silly addNamed bindings@1.2.1
120 verbose addNamed "1.2.1" is a plain semver version for bindings
121 silly mapToRegistry name bindings
122 silly mapToRegistry using default registry
123 silly mapToRegistry registry https://registry.npmjs.org/
124 silly mapToRegistry data Result {
124 silly mapToRegistry   raw: 'bindings',
124 silly mapToRegistry   scope: null,
124 silly mapToRegistry   escapedName: 'bindings',
124 silly mapToRegistry   name: 'bindings',
124 silly mapToRegistry   rawSpec: '',
124 silly mapToRegistry   spec: 'latest',
124 silly mapToRegistry   type: 'tag' }
125 silly mapToRegistry uri https://registry.npmjs.org/bindings
126 verbose addRemoteTarball https://registry.npmjs.org/bindings/-/bindings-1.2.1.tgz not in flight; adding
127 verbose addRemoteTarball [ 'https://registry.npmjs.org/bindings/-/bindings-1.2.1.tgz',
127 verbose addRemoteTarball   '14ad6113812d2d37d72e67b4cacb4bb726505f11' ]
128 info retry fetch attempt 1 at 8:56:38 AM
129 info attempt registry request try #1 at 8:56:38 AM
130 http fetch GET https://registry.npmjs.org/bindings/-/bindings-1.2.1.tgz
131 http fetch 200 https://registry.npmjs.org/bindings/-/bindings-1.2.1.tgz
132 silly resolveWithNewModule nan@2.6.2 checking installable status
133 silly cache add args [ 'nan@^2.4.0', null ]
134 verbose cache add spec nan@^2.4.0
135 silly cache add parsed spec Result {
135 silly cache add   raw: 'nan@^2.4.0',
135 silly cache add   scope: null,
135 silly cache add   escapedName: 'nan',
135 silly cache add   name: 'nan',
135 silly cache add   rawSpec: '^2.4.0',
135 silly cache add   spec: '>=2.4.0 <3.0.0',
135 silly cache add   type: 'range' }
136 silly addNamed nan@>=2.4.0 <3.0.0
137 verbose addNamed ">=2.4.0 <3.0.0" is a valid semver range for nan
138 silly addNameRange { name: 'nan', range: '>=2.4.0 <3.0.0', hasData: false }
139 silly mapToRegistry name nan
140 silly mapToRegistry using default registry
141 silly mapToRegistry registry https://registry.npmjs.org/
142 silly mapToRegistry data Result {
142 silly mapToRegistry   raw: 'nan',
142 silly mapToRegistry   scope: null,
142 silly mapToRegistry   escapedName: 'nan',
142 silly mapToRegistry   name: 'nan',
142 silly mapToRegistry   rawSpec: '',
142 silly mapToRegistry   spec: 'latest',
142 silly mapToRegistry   type: 'tag' }
143 silly mapToRegistry uri https://registry.npmjs.org/nan
144 verbose addNameRange registry:https://registry.npmjs.org/nan not in flight; fetching
145 verbose get https://registry.npmjs.org/nan not expired, no request
146 silly addNameRange number 2 { name: 'nan', range: '>=2.4.0 <3.0.0', hasData: true }
147 silly addNameRange versions [ 'nan',
147 silly addNameRange   [ '0.3.0-wip',
147 silly addNameRange     '0.3.0-wip2',
147 silly addNameRange     '0.3.0',
147 silly addNameRange     '0.3.1',
147 silly addNameRange     '0.3.2',
147 silly addNameRange     '0.4.0',
147 silly addNameRange     '0.4.1',
147 silly addNameRange     '0.4.2',
147 silly addNameRange     '0.4.3',
147 silly addNameRange     '0.4.4',
147 silly addNameRange     '0.5.0',
147 silly addNameRange     '0.5.1',
147 silly addNameRange     '0.5.2',
147 silly addNameRange     '0.6.0',
147 silly addNameRange     '0.7.0',
147 silly addNameRange     '0.7.1',
147 silly addNameRange     '0.8.0',
147 silly addNameRange     '1.0.0',
147 silly addNameRange     '1.1.0',
147 silly addNameRange     '1.1.1',
147 silly addNameRange     '1.1.2',
147 silly addNameRange     '1.2.0',
147 silly addNameRange     '1.3.0',
147 silly addNameRange     '1.4.0',
147 silly addNameRange     '1.4.1',
147 silly addNameRange     '1.5.0',
147 silly addNameRange     '1.4.2',
147 silly addNameRange     '1.4.3',
147 silly addNameRange     '1.5.1',
147 silly addNameRange     '1.5.2',
147 silly addNameRange     '1.6.0',
147 silly addNameRange     '1.5.3',
147 silly addNameRange     '1.6.1',
147 silly addNameRange     '1.6.2',
147 silly addNameRange     '1.7.0',
147 silly addNameRange     '1.8.0',
147 silly addNameRange     '1.8.1',
147 silly addNameRange     '1.8.2',
147 silly addNameRange     '1.8.3',
147 silly addNameRange     '1.8.4',
147 silly addNameRange     '1.9.0',
147 silly addNameRange     '2.0.0',
147 silly addNameRange     '2.0.1',
147 silly addNameRange     '2.0.2',
147 silly addNameRange     '2.0.3',
147 silly addNameRange     '2.0.4',
147 silly addNameRange     '2.0.5',
147 silly addNameRange     '2.0.6',
147 silly addNameRange     '2.0.7',
147 silly addNameRange     '2.0.8',
147 silly addNameRange     '2.0.9',
147 silly addNameRange     '2.1.0',
147 silly addNameRange     '2.2.0',
147 silly addNameRange     '2.2.1',
147 silly addNameRange     '2.3.0',
147 silly addNameRange     '2.3.1',
147 silly addNameRange     '2.3.2',
147 silly addNameRange     '2.3.3',
147 silly addNameRange     '2.3.4',
147 silly addNameRange     '2.3.5',
147 silly addNameRange     '2.4.0',
147 silly addNameRange     '2.5.0',
147 silly addNameRange     '2.5.1',
147 silly addNameRange     '2.6.0',
147 silly addNameRange     '2.6.1',
147 silly addNameRange     '2.6.2' ] ]
148 silly addNamed nan@2.6.2
149 verbose addNamed "2.6.2" is a plain semver version for nan
150 silly fetchAndShaCheck shasum 14ad6113812d2d37d72e67b4cacb4bb726505f11
151 silly mapToRegistry name nan
152 silly mapToRegistry using default registry
153 silly mapToRegistry registry https://registry.npmjs.org/
154 silly mapToRegistry data Result {
154 silly mapToRegistry   raw: 'nan',
154 silly mapToRegistry   scope: null,
154 silly mapToRegistry   escapedName: 'nan',
154 silly mapToRegistry   name: 'nan',
154 silly mapToRegistry   rawSpec: '',
154 silly mapToRegistry   spec: 'latest',
154 silly mapToRegistry   type: 'tag' }
155 silly mapToRegistry uri https://registry.npmjs.org/nan
156 verbose addRemoteTarball https://registry.npmjs.org/nan/-/nan-2.6.2.tgz not in flight; adding
157 verbose addRemoteTarball [ 'https://registry.npmjs.org/nan/-/nan-2.6.2.tgz',
157 verbose addRemoteTarball   'e4ff34e6c95fdfb5aecc08de6596f43605a7db45' ]
158 info retry fetch attempt 1 at 8:56:38 AM
159 info attempt registry request try #1 at 8:56:38 AM
160 http fetch GET https://registry.npmjs.org/nan/-/nan-2.6.2.tgz
161 http fetch 200 https://registry.npmjs.org/nan/-/nan-2.6.2.tgz
162 verbose addTmpTarball C:\Users\BDB08\AppData\Local\Temp\npm-12888-29a35310\registry.npmjs.org\bindings\-\bindings-1.2.1.tgz not in flight; adding
163 verbose addTmpTarball already have metadata; skipping unpack for bindings@1.2.1
164 verbose correctMkdir C:\Users\BDB08\AppData\Roaming\npm-cache correctMkdir not in flight; initializing
165 silly cache afterAdd bindings@1.2.1
166 verbose afterAdd C:\Users\BDB08\AppData\Roaming\npm-cache\bindings\1.2.1\package\package.json not in flight; writing
167 verbose correctMkdir C:\Users\BDB08\AppData\Roaming\npm-cache correctMkdir not in flight; initializing
168 verbose afterAdd C:\Users\BDB08\AppData\Roaming\npm-cache\bindings\1.2.1\package\package.json written
169 silly fetchAndShaCheck shasum e4ff34e6c95fdfb5aecc08de6596f43605a7db45
170 verbose addTmpTarball C:\Users\BDB08\AppData\Local\Temp\npm-12888-29a35310\registry.npmjs.org\nan\-\nan-2.6.2.tgz not in flight; adding
171 verbose addTmpTarball already have metadata; skipping unpack for nan@2.6.2
172 verbose correctMkdir C:\Users\BDB08\AppData\Roaming\npm-cache correctMkdir not in flight; initializing
173 silly cache afterAdd nan@2.6.2
174 verbose afterAdd C:\Users\BDB08\AppData\Roaming\npm-cache\nan\2.6.2\package\package.json not in flight; writing
175 verbose correctMkdir C:\Users\BDB08\AppData\Roaming\npm-cache correctMkdir not in flight; initializing
176 verbose afterAdd C:\Users\BDB08\AppData\Roaming\npm-cache\nan\2.6.2\package\package.json written
177 silly loadAllDepsIntoIdealTree Finishing
178 silly loadIdealTree Finishing
179 silly currentTree assets_sim_server@1.0.0
179 silly currentTree +-- axios@0.16.2
179 silly currentTree +-- bindings@1.2.1
179 silly currentTree +-- debug@2.6.8
179 silly currentTree +-- follow-redirects@1.2.3
179 silly currentTree +-- geolibri@0.0.5
179 silly currentTree +-- is-buffer@1.1.5
179 silly currentTree +-- ms@2.0.0
179 silly currentTree +-- nan@2.6.2
179 silly currentTree `-- syncprompt@1.0.3
180 silly idealTree assets_sim_server@1.0.0
180 silly idealTree +-- axios@0.16.2
180 silly idealTree +-- bindings@1.2.1
180 silly idealTree +-- debug@2.6.8
180 silly idealTree +-- follow-redirects@1.2.3
180 silly idealTree +-- geolibri@0.0.5
180 silly idealTree +-- is-buffer@1.1.5
180 silly idealTree +-- ms@2.0.0
180 silly idealTree +-- nan@2.6.2
180 silly idealTree `-- syncprompt@1.0.3
181 silly generateActionsToTake Starting
182 silly install generateActionsToTake
183 silly generateActionsToTake Finishing
184 silly diffTrees action count 1
185 silly diffTrees update syncprompt@1.0.3
186 silly decomposeActions action count 9
187 silly decomposeActions remove syncprompt@1.0.3
188 silly decomposeActions fetch syncprompt@1.0.3
189 silly decomposeActions extract syncprompt@1.0.3
190 silly decomposeActions test syncprompt@1.0.3
191 silly decomposeActions preinstall syncprompt@1.0.3
192 silly decomposeActions build syncprompt@1.0.3
193 silly decomposeActions install syncprompt@1.0.3
194 silly decomposeActions postinstall syncprompt@1.0.3
195 silly decomposeActions finalize syncprompt@1.0.3
196 silly runTopLevelLifecycles Starting
197 silly executeActions Starting
198 silly install executeActions
199 silly doSerial global-install 0
200 silly doParallel fetch 1
201 verbose correctMkdir C:\Users\BDB08\AppData\Roaming\npm-cache\_locks correctMkdir not in flight; initializing
202 verbose lock using C:\Users\BDB08\AppData\Roaming\npm-cache\_locks\staging-916c063b6f79d633.lock for C:\Users\BDB08\Downloads\assets_sim_server\assets_sim_server\node_modules\.staging
203 silly doParallel extract 1
204 silly extract syncprompt@1.0.3
205 verbose unbuild node_modules\.staging\syncprompt-c4fe1d44
206 silly gentlyRm C:\Users\BDB08\Downloads\assets_sim_server\assets_sim_server\node_modules\.staging\syncprompt-c4fe1d44 is being purged from base C:\Users\BDB08\Downloads\assets_sim_server\assets_sim_server
207 verbose gentlyRm don't care about contents; nuking C:\Users\BDB08\Downloads\assets_sim_server\assets_sim_server\node_modules\.staging\syncprompt-c4fe1d44
208 verbose tar unpack C:\Users\BDB08\AppData\Roaming\npm-cache\syncprompt\1.0.3\package.tgz
209 verbose tar unpacking to C:\Users\BDB08\Downloads\assets_sim_server\assets_sim_server\node_modules\.staging\syncprompt-c4fe1d44
210 silly gentlyRm C:\Users\BDB08\Downloads\assets_sim_server\assets_sim_server\node_modules\.staging\syncprompt-c4fe1d44 is being purged
211 verbose gentlyRm don't care about contents; nuking C:\Users\BDB08\Downloads\assets_sim_server\assets_sim_server\node_modules\.staging\syncprompt-c4fe1d44
212 silly gunzTarPerm modes [ '777', '666' ]
213 silly gunzTarPerm extractEntry package.json
214 silly gunzTarPerm modified mode [ 'package.json', 420, 438 ]
215 silly gunzTarPerm extractEntry .npmignore
216 silly gunzTarPerm modified mode [ '.npmignore', 420, 438 ]
217 silly gunzTarPerm extractEntry README.md
218 silly gunzTarPerm modified mode [ 'README.md', 420, 438 ]
219 silly gunzTarPerm extractEntry index.js
220 silly gunzTarPerm modified mode [ 'index.js', 420, 438 ]
221 silly gunzTarPerm extractEntry binding.gyp
222 silly gunzTarPerm modified mode [ 'binding.gyp', 420, 438 ]
223 silly gunzTarPerm extractEntry src/sync_prompt.cc
224 silly gunzTarPerm modified mode [ 'src/sync_prompt.cc', 420, 438 ]
225 silly gentlyRm C:\Users\BDB08\Downloads\assets_sim_server\assets_sim_server\node_modules\.staging\syncprompt-c4fe1d44\node_modules is being purged
226 verbose gentlyRm don't care about contents; nuking C:\Users\BDB08\Downloads\assets_sim_server\assets_sim_server\node_modules\.staging\syncprompt-c4fe1d44\node_modules
227 silly doParallel preinstall 1
228 silly preinstall syncprompt@1.0.3 C:\Users\BDB08\Downloads\assets_sim_server\assets_sim_server\node_modules\.staging\syncprompt-c4fe1d44
229 info lifecycle syncprompt@1.0.3~preinstall: syncprompt@1.0.3
230 silly lifecycle syncprompt@1.0.3~preinstall: no script for preinstall, continuing
231 silly doReverseSerial remove 1
232 silly remove C:\Users\BDB08\Downloads\assets_sim_server\assets_sim_server\node_modules\syncprompt
233 verbose unbuild node_modules\syncprompt
234 info lifecycle syncprompt@1.0.3~preuninstall: syncprompt@1.0.3
235 silly lifecycle syncprompt@1.0.3~preuninstall: no script for preuninstall, continuing
236 info lifecycle syncprompt@1.0.3~uninstall: syncprompt@1.0.3
237 silly lifecycle syncprompt@1.0.3~uninstall: no script for uninstall, continuing
238 verbose unbuild rmStuff syncprompt@1.0.3 from C:\Users\BDB08\Downloads\assets_sim_server\assets_sim_server\node_modules
239 info lifecycle syncprompt@1.0.3~postuninstall: syncprompt@1.0.3
240 silly lifecycle syncprompt@1.0.3~postuninstall: no script for postuninstall, continuing
241 silly gentlyRm C:\Users\BDB08\Downloads\assets_sim_server\assets_sim_server\node_modules\syncprompt is being purged from base C:\Users\BDB08\Downloads\assets_sim_server\assets_sim_server
242 verbose gentlyRm don't care about contents; nuking C:\Users\BDB08\Downloads\assets_sim_server\assets_sim_server\node_modules\syncprompt
243 silly vacuum-fs purging C:\Users\BDB08\Downloads\assets_sim_server\assets_sim_server\node_modules\syncprompt
244 silly vacuum-fs quitting because other entries in C:\Users\BDB08\Downloads\assets_sim_server\assets_sim_server\node_modules
245 silly doSerial move 0
246 silly doSerial finalize 1
247 silly finalize C:\Users\BDB08\Downloads\assets_sim_server\assets_sim_server\node_modules\syncprompt
248 silly doSerial build 1
249 silly build syncprompt@1.0.3
250 info linkStuff syncprompt@1.0.3
251 silly linkStuff syncprompt@1.0.3 has C:\Users\BDB08\Downloads\assets_sim_server\assets_sim_server\node_modules as its parent node_modules
252 verbose linkBins syncprompt@1.0.3
253 verbose linkMans syncprompt@1.0.3
254 silly doSerial global-link 0
255 silly doParallel update-linked 0
256 silly doSerial install 1
257 silly install syncprompt@1.0.3 C:\Users\BDB08\Downloads\assets_sim_server\assets_sim_server\node_modules\.staging\syncprompt-c4fe1d44
258 info lifecycle syncprompt@1.0.3~install: syncprompt@1.0.3
259 verbose lifecycle syncprompt@1.0.3~install: unsafe-perm in lifecycle true
260 verbose lifecycle syncprompt@1.0.3~install: PATH: C:\Program Files\nodejs\node_modules\npm\bin\node-gyp-bin;C:\Users\BDB08\Downloads\assets_sim_server\assets_sim_server\node_modules\syncprompt\node_modules\.bin;C:\Users\BDB08\Downloads\assets_sim_server\assets_sim_server\node_modules\.bin;C:\windows\system32;C:\windows;C:\windows\System32\Wbem;C:\windows\System32\WindowsPowerShell\v1.0\;C:\Program Files\Git\cmd;C:\Program Files\nodejs\;C:\Users\BDB08\AppData\Local\Microsoft\WindowsApps;C:\Users\BDB08\AppData\Roaming\npm;C:\Users\BDB08\AppData\Local\atom\bin
261 verbose lifecycle syncprompt@1.0.3~install: CWD: C:\Users\BDB08\Downloads\assets_sim_server\assets_sim_server\node_modules\syncprompt
262 silly lifecycle syncprompt@1.0.3~install: Args: [ '/d /s /c', 'node-gyp rebuild' ]
263 silly lifecycle syncprompt@1.0.3~install: Returned: code: 1  signal: null
264 info lifecycle syncprompt@1.0.3~install: Failed to exec install script
265 verbose unlock done using C:\Users\BDB08\AppData\Roaming\npm-cache\_locks\staging-916c063b6f79d633.lock for C:\Users\BDB08\Downloads\assets_sim_server\assets_sim_server\node_modules\.staging
266 silly rollbackFailedOptional Starting
267 silly rollbackFailedOptional Finishing
268 silly runTopLevelLifecycles Finishing
269 silly install printInstalled
270 warn assets_sim_server@1.0.0 No repository field.
271 verbose If you need help, you may report this error at:
271 verbose     <https://github.com/npm/npm/issues>
272 verbose stack Error: syncprompt@1.0.3 install: `node-gyp rebuild`
272 verbose stack Exit status 1
272 verbose stack     at EventEmitter.<anonymous> (C:\Program Files\nodejs\node_modules\npm\lib\utils\lifecycle.js:255:16)
272 verbose stack     at emitTwo (events.js:106:13)
272 verbose stack     at EventEmitter.emit (events.js:191:7)
272 verbose stack     at ChildProcess.<anonymous> (C:\Program Files\nodejs\node_modules\npm\lib\utils\spawn.js:40:14)
272 verbose stack     at emitTwo (events.js:106:13)
272 verbose stack     at ChildProcess.emit (events.js:191:7)
272 verbose stack     at maybeClose (internal/child_process.js:886:16)
272 verbose stack     at Process.ChildProcess._handle.onexit (internal/child_process.js:226:5)
273 verbose pkgid syncprompt@1.0.3
274 verbose cwd C:\Users\BDB08\Downloads\assets_sim_server\assets_sim_server
275 error Windows_NT 10.0.14393
276 error argv "C:\\Program Files\\nodejs\\node.exe" "C:\\Program Files\\nodejs\\node_modules\\npm\\bin\\npm-cli.js" "install" "--save" "syncprompt"
277 error node v6.10.3
278 error npm  v3.10.10
279 error code ELIFECYCLE
280 error syncprompt@1.0.3 install: `node-gyp rebuild`
280 error Exit status 1
281 error Failed at the syncprompt@1.0.3 install script 'node-gyp rebuild'.
281 error Make sure you have the latest version of node.js and npm installed.
281 error If you do, this is most likely a problem with the syncprompt package,
281 error not with npm itself.
281 error Tell the author that this fails on your system:
281 error     node-gyp rebuild
281 error You can get information on how to open an issue for this project with:
281 error     npm bugs syncprompt
281 error Or if that isn't available, you can get their info via:
281 error     npm owner ls syncprompt
281 error There is likely additional logging output above.
282 verbose exit [ 1, true ]
